<?xml version="1.0" encoding="UTF-8"?>
<testsuite name="chapterone.itemone.factory.FactoryTest" tests="1" skipped="0" failures="0" errors="0" timestamp="2021-10-25T15:27:36" hostname="DESKTOP-00KPKNS" time="0.061">
  <properties/>
  <testcase name="정상_입력_테스트" classname="chapterone.itemone.factory.FactoryTest" time="0.061"/>
  <system-out><![CDATA[Person A created.
Person A created.
Person B created.
Person B created.
Person C created.
Person C created.
Person A created.
Person A created.
]]></system-out>
  <system-err><![CDATA[]]></system-err>
</testsuite>
